  stdafx.c
  Animation.c
  AsteroidsScene.c
  Behavior.c
  BehaviorBullet.c
  BehaviorSpaceship.c
  CheatSystem.c
\Source\AsteroidsScene.c(1,1): error C1083: Cannot open source file: 'Source\AsteroidsScene.c': No such file or directory
  (compiling source file '/Source/AsteroidsScene.c')
  
\Source\Behavior.c(1,1): error C1083: Cannot open source file: 'Source\Behavior.c': No such file or directory
  (compiling source file '/Source/Behavior.c')
  
\Source\BehaviorBullet.c(1,1): error C1083: Cannot open source file: 'Source\BehaviorBullet.c': No such file or directory
  (compiling source file '/Source/BehaviorBullet.c')
  
\Source\BehaviorSpaceship.c(1,1): error C1083: Cannot open source file: 'Source\BehaviorSpaceship.c': No such file or directory
  (compiling source file '/Source/BehaviorSpaceship.c')
  
  Engine.c
  Entity.c
  EntityContainer.c
\Source\EntityContainer.c(1,1): error C1083: Cannot open source file: 'Source\EntityContainer.c': No such file or directory
  (compiling source file '/Source/EntityContainer.c')
  
  EntityFactory.c
  Main.c
  Matrix2D.c
  Mesh.c
  MeshLibrary.c
\Source\MeshLibrary.c(1,1): error C1083: Cannot open source file: 'Source\MeshLibrary.c': No such file or directory
  (compiling source file '/Source/MeshLibrary.c')
  
  Physics.c
  PlatformSystem.c
  SandboxScene.c
  Scene.c
  DemoScene.c
  Level1Scene.c
  Generating Code...
  Compiling...
  Level2Scene.c
  SceneSystem.c
  Sprite.c
  SpriteSource.c
  Stream.c
  Stub.c
  StubScene.c
  StubSystem.c
  Trace.c
  Transform.c
  Vector2D.c
  Generating Code...
