c:\users\rockm\source\repos\project-4\cs230 project4\project4\x64\debug\project4.pch
c:\users\rockm\source\repos\project-4\cs230 project4\project4\x64\debug\vc143.pdb
c:\users\rockm\source\repos\project-4\cs230 project4\project4\x64\debug\vc143.idb
c:\users\rockm\source\repos\project-4\cs230 project4\project4\x64\debug\stdafx.obj
c:\users\rockm\source\repos\project-4\cs230 project4\project4\x64\debug\level1scene.obj
c:\users\rockm\source\repos\project-4\cs230 project4\project4\x64\debug\demoscene.obj
c:\users\rockm\source\repos\project-4\cs230 project4\project4\x64\debug\scene.obj
c:\users\rockm\source\repos\project-4\cs230 project4\project4\x64\debug\sandboxscene.obj
c:\users\rockm\source\repos\project-4\cs230 project4\project4\x64\debug\platformsystem.obj
c:\users\rockm\source\repos\project-4\cs230 project4\project4\x64\debug\physics.obj
c:\users\rockm\source\repos\project-4\cs230 project4\project4\x64\debug\mesh.obj
c:\users\rockm\source\repos\project-4\cs230 project4\project4\x64\debug\matrix2d.obj
c:\users\rockm\source\repos\project-4\cs230 project4\project4\x64\debug\main.obj
c:\users\rockm\source\repos\project-4\cs230 project4\project4\x64\debug\entityfactory.obj
c:\users\rockm\source\repos\project-4\cs230 project4\project4\x64\debug\entity.obj
c:\users\rockm\source\repos\project-4\cs230 project4\project4\x64\debug\engine.obj
c:\users\rockm\source\repos\project-4\cs230 project4\project4\x64\debug\cheatsystem.obj
c:\users\rockm\source\repos\project-4\cs230 project4\project4\x64\debug\animation.obj
c:\users\rockm\source\repos\project-4\cs230 project4\project4\x64\debug\vector2d.obj
c:\users\rockm\source\repos\project-4\cs230 project4\project4\x64\debug\transform.obj
c:\users\rockm\source\repos\project-4\cs230 project4\project4\x64\debug\trace.obj
c:\users\rockm\source\repos\project-4\cs230 project4\project4\x64\debug\stubsystem.obj
c:\users\rockm\source\repos\project-4\cs230 project4\project4\x64\debug\stubscene.obj
c:\users\rockm\source\repos\project-4\cs230 project4\project4\x64\debug\stub.obj
c:\users\rockm\source\repos\project-4\cs230 project4\project4\x64\debug\stream.obj
c:\users\rockm\source\repos\project-4\cs230 project4\project4\x64\debug\spritesource.obj
c:\users\rockm\source\repos\project-4\cs230 project4\project4\x64\debug\sprite.obj
c:\users\rockm\source\repos\project-4\cs230 project4\project4\x64\debug\scenesystem.obj
c:\users\rockm\source\repos\project-4\cs230 project4\project4\x64\debug\level2scene.obj
c:\users\rockm\source\repos\project-4\cs230 project4\project4\x64\debug\behaviorbullet.obj
c:\users\rockm\source\repos\project-4\cs230 project4\project4\x64\debug\behavior.obj
c:\users\rockm\source\repos\project-4\cs230 project4\project4\x64\debug\asteriodscene.obj
c:\users\rockm\source\repos\project-4\cs230 project4\project4\x64\debug\project4.tlog\cl.command.1.tlog
c:\users\rockm\source\repos\project-4\cs230 project4\project4\x64\debug\project4.tlog\cl.read.1.tlog
c:\users\rockm\source\repos\project-4\cs230 project4\project4\x64\debug\project4.tlog\cl.write.1.tlog
